<?xml version="1.0" encoding="UTF-8"?>
<robot generator="Robot 6.1.1 (Python 3.11.5 on darwin)" generated="20230910 22:15:23.431" rpa="false" schemaversion="4">
<suite id="s1" name="exerciseThree" source="/Users/jfkoskinen/HAMK/TKM22/asiakprojektien_toteutt/Ohjelmistotest/SW-testing/exercise/exerciseThree.robot">
<test id="s1-t1" name="Lue tiedostosta pingattavat osoitteet" line="10">
<kw name="Get File" library="OperatingSystem">
<var>${fileContent}</var>
<arg>/Users/jfkoskinen/HAMK/TKM22/asiakprojektien_toteutt/Ohjelmistotest/SW-testing/exercise/webpages.txt</arg>
<doc>Returns the contents of a specified file.</doc>
<msg timestamp="20230910 22:15:23.486" level="INFO" html="true">Getting file '&lt;a href="file:///Users/jfkoskinen/HAMK/TKM22/asiakprojektien_toteutt/Ohjelmistotest/SW-testing/exercise/webpages.txt"&gt;/Users/jfkoskinen/HAMK/TKM22/asiakprojektien_toteutt/Ohjelmistotest/SW-testing/exercise/webpages.txt&lt;/a&gt;'.</msg>
<msg timestamp="20230910 22:15:23.488" level="INFO">${fileContent} = www.whitehouse.gov
www.iltalehti.fi
best.aliexpress.com</msg>
<status status="PASS" starttime="20230910 22:15:23.485" endtime="20230910 22:15:23.488"/>
</kw>
<kw name="Split To Lines" library="String">
<var>${addresses}</var>
<arg>${fileContent}</arg>
<doc>Splits the given string to lines.</doc>
<msg timestamp="20230910 22:15:23.489" level="INFO">3 lines returned</msg>
<msg timestamp="20230910 22:15:23.489" level="INFO">${addresses} = ['www.whitehouse.gov', 'www.iltalehti.fi', 'best.aliexpress.com']</msg>
<status status="PASS" starttime="20230910 22:15:23.488" endtime="20230910 22:15:23.489"/>
</kw>
<kw name="Set Global Variable" library="BuiltIn">
<arg>${addresses}</arg>
<doc>Makes a variable available globally in all tests and suites.</doc>
<msg timestamp="20230910 22:15:23.490" level="INFO">${addresses} = ['www.whitehouse.gov', 'www.iltalehti.fi', 'best.aliexpress.com']</msg>
<status status="PASS" starttime="20230910 22:15:23.490" endtime="20230910 22:15:23.491"/>
</kw>
<status status="PASS" starttime="20230910 22:15:23.483" endtime="20230910 22:15:23.491"/>
</test>
<test id="s1-t2" name="Selvitä silmukassa ip ja keskiarvo sekä luo vastaustiedosto" line="19">
<kw name="Create File" library="OperatingSystem">
<arg>/Users/jfkoskinen/HAMK/TKM22/asiakprojektien_toteutt/Ohjelmistotest/SW-testing/exercise/file.txt</arg>
<doc>Creates a file with the given content and encoding.</doc>
<msg timestamp="20230910 22:15:23.493" level="INFO" html="true">Created file '&lt;a href="file:///Users/jfkoskinen/HAMK/TKM22/asiakprojektien_toteutt/Ohjelmistotest/SW-testing/exercise/file.txt"&gt;/Users/jfkoskinen/HAMK/TKM22/asiakprojektien_toteutt/Ohjelmistotest/SW-testing/exercise/file.txt&lt;/a&gt;'.</msg>
<status status="PASS" starttime="20230910 22:15:23.493" endtime="20230910 22:15:23.494"/>
</kw>
<kw name="Get Length" library="BuiltIn">
<var>${count}</var>
<arg>${addresses}</arg>
<doc>Returns and logs the length of the given item as an integer.</doc>
<msg timestamp="20230910 22:15:23.494" level="INFO">Length is 3</msg>
<msg timestamp="20230910 22:15:23.494" level="INFO">${count} = 3</msg>
<status status="PASS" starttime="20230910 22:15:23.494" endtime="20230910 22:15:23.495"/>
</kw>
<kw name="Log" library="BuiltIn">
<arg>${count}</arg>
<doc>Logs the given message with the given level.</doc>
<msg timestamp="20230910 22:15:23.495" level="INFO">3</msg>
<status status="PASS" starttime="20230910 22:15:23.495" endtime="20230910 22:15:23.496"/>
</kw>
<for flavor="IN RANGE">
<var>${index}</var>
<value>${count}</value>
<iter>
<var name="${index}">0</var>
<kw name="Run And Return Rc And Output" library="OperatingSystem">
<var>${output}</var>
<arg>ping ${addresses}[${index}] -c 4</arg>
<doc>Runs the given command in the system and returns the RC and output.</doc>
<msg timestamp="20230910 22:15:23.501" level="INFO">Running command 'ping www.whitehouse.gov -c 4 2&gt;&amp;1'.</msg>
<msg timestamp="20230910 22:15:26.547" level="INFO">${output} = (0, 'PING wh46.go-vip.net (192.0.66.168): 56 data bytes\n64 bytes from 192.0.66.168: icmp_seq=0 ttl=58 time=28.676 ms\n64 bytes from 192.0.66.168: icmp_seq=1 ttl=58 time=33.731 ms\n64 bytes from 192.0...</msg>
<status status="PASS" starttime="20230910 22:15:23.497" endtime="20230910 22:15:26.548"/>
</kw>
<kw name="Log" library="BuiltIn">
<arg>${output}</arg>
<doc>Logs the given message with the given level.</doc>
<msg timestamp="20230910 22:15:26.551" level="INFO">(0, 'PING wh46.go-vip.net (192.0.66.168): 56 data bytes\n64 bytes from 192.0.66.168: icmp_seq=0 ttl=58 time=28.676 ms\n64 bytes from 192.0.66.168: icmp_seq=1 ttl=58 time=33.731 ms\n64 bytes from 192.0.66.168: icmp_seq=2 ttl=58 time=31.086 ms\n64 bytes from 192.0.66.168: icmp_seq=3 ttl=58 time=29.887 ms\n\n--- wh46.go-vip.net ping statistics ---\n4 packets transmitted, 4 packets received, 0.0% packet loss\nround-trip min/avg/max/stddev = 28.676/30.845/33.731/1.871 ms')</msg>
<status status="PASS" starttime="20230910 22:15:26.549" endtime="20230910 22:15:26.551"/>
</kw>
<kw name="Split String" library="String">
<var>@{wordList}</var>
<arg>${output}[1]</arg>
<doc>Splits the ``string`` using ``separator`` as a delimiter string.</doc>
<msg timestamp="20230910 22:15:26.553" level="INFO">@{wordList} = [ PING | wh46.go-vip.net | (192.0.66.168): | 56 | data | bytes | 64 | bytes | from | 192.0.66.168: | icmp_seq=0 | ttl=58 | time=28.676 | ms | 64 | bytes | from | 192.0.66.168: | icmp_seq=1 | ttl=58 | ...</msg>
<status status="PASS" starttime="20230910 22:15:26.552" endtime="20230910 22:15:26.553"/>
</kw>
<kw name="Log" library="BuiltIn">
<arg>${wordList}</arg>
<doc>Logs the given message with the given level.</doc>
<msg timestamp="20230910 22:15:26.554" level="INFO">['PING', 'wh46.go-vip.net', '(192.0.66.168):', '56', 'data', 'bytes', '64', 'bytes', 'from', '192.0.66.168:', 'icmp_seq=0', 'ttl=58', 'time=28.676', 'ms', '64', 'bytes', 'from', '192.0.66.168:', 'icmp_seq=1', 'ttl=58', 'time=33.731', 'ms', '64', 'bytes', 'from', '192.0.66.168:', 'icmp_seq=2', 'ttl=58', 'time=31.086', 'ms', '64', 'bytes', 'from', '192.0.66.168:', 'icmp_seq=3', 'ttl=58', 'time=29.887', 'ms', '---', 'wh46.go-vip.net', 'ping', 'statistics', '---', '4', 'packets', 'transmitted,', '4', 'packets', 'received,', '0.0%', 'packet', 'loss', 'round-trip', 'min/avg/max/stddev', '=', '28.676/30.845/33.731/1.871', 'ms']</msg>
<status status="PASS" starttime="20230910 22:15:26.553" endtime="20230910 22:15:26.555"/>
</kw>
<kw name="Get Index From List" library="Collections">
<var>${index}</var>
<arg>${wordList}</arg>
<arg>from</arg>
<doc>Returns the index of the first occurrence of the ``value`` on the list.</doc>
<msg timestamp="20230910 22:15:26.557" level="INFO">${index} = 8</msg>
<status status="PASS" starttime="20230910 22:15:26.556" endtime="20230910 22:15:26.557"/>
</kw>
<kw name="Set Variable" library="BuiltIn">
<var>${IPAddress}</var>
<arg>${wordList}[${index+1}]</arg>
<doc>Returns the given values which can then be assigned to a variables.</doc>
<msg timestamp="20230910 22:15:26.561" level="INFO">${IPAddress} = 192.0.66.168:</msg>
<status status="PASS" starttime="20230910 22:15:26.557" endtime="20230910 22:15:26.561"/>
</kw>
<kw name="Log" library="BuiltIn">
<arg>${IPAddress}</arg>
<doc>Logs the given message with the given level.</doc>
<msg timestamp="20230910 22:15:26.562" level="INFO">192.0.66.168:</msg>
<status status="PASS" starttime="20230910 22:15:26.562" endtime="20230910 22:15:26.562"/>
</kw>
<kw name="Split String" library="String">
<var>@{pingList}</var>
<arg>${output}[1]</arg>
<doc>Splits the ``string`` using ``separator`` as a delimiter string.</doc>
<msg timestamp="20230910 22:15:26.564" level="INFO">@{pingList} = [ PING | wh46.go-vip.net | (192.0.66.168): | 56 | data | bytes | 64 | bytes | from | 192.0.66.168: | icmp_seq=0 | ttl=58 | time=28.676 | ms | 64 | bytes | from | 192.0.66.168: | icmp_seq=1 | ttl=58 | ...</msg>
<status status="PASS" starttime="20230910 22:15:26.563" endtime="20230910 22:15:26.564"/>
</kw>
<kw name="Log" library="BuiltIn">
<arg>${wordList}</arg>
<doc>Logs the given message with the given level.</doc>
<msg timestamp="20230910 22:15:26.565" level="INFO">['PING', 'wh46.go-vip.net', '(192.0.66.168):', '56', 'data', 'bytes', '64', 'bytes', 'from', '192.0.66.168:', 'icmp_seq=0', 'ttl=58', 'time=28.676', 'ms', '64', 'bytes', 'from', '192.0.66.168:', 'icmp_seq=1', 'ttl=58', 'time=33.731', 'ms', '64', 'bytes', 'from', '192.0.66.168:', 'icmp_seq=2', 'ttl=58', 'time=31.086', 'ms', '64', 'bytes', 'from', '192.0.66.168:', 'icmp_seq=3', 'ttl=58', 'time=29.887', 'ms', '---', 'wh46.go-vip.net', 'ping', 'statistics', '---', '4', 'packets', 'transmitted,', '4', 'packets', 'received,', '0.0%', 'packet', 'loss', 'round-trip', 'min/avg/max/stddev', '=', '28.676/30.845/33.731/1.871', 'ms']</msg>
<status status="PASS" starttime="20230910 22:15:26.564" endtime="20230910 22:15:26.565"/>
</kw>
<kw name="Get Index From List" library="Collections">
<var>${index1}</var>
<arg>${pingList}</arg>
<arg>=</arg>
<doc>Returns the index of the first occurrence of the ``value`` on the list.</doc>
<msg timestamp="20230910 22:15:26.567" level="INFO">${index1} = 54</msg>
<status status="PASS" starttime="20230910 22:15:26.566" endtime="20230910 22:15:26.567"/>
</kw>
<kw name="Set Variable" library="BuiltIn">
<var>${ping}</var>
<arg>${pingList}[${index1+1}]</arg>
<doc>Returns the given values which can then be assigned to a variables.</doc>
<msg timestamp="20230910 22:15:26.569" level="INFO">${ping} = 28.676/30.845/33.731/1.871</msg>
<status status="PASS" starttime="20230910 22:15:26.567" endtime="20230910 22:15:26.569"/>
</kw>
<kw name="Log" library="BuiltIn">
<arg>Ping: min/avg/max/stddev ${ping}</arg>
<doc>Logs the given message with the given level.</doc>
<msg timestamp="20230910 22:15:26.570" level="INFO">Ping: min/avg/max/stddev 28.676/30.845/33.731/1.871</msg>
<status status="PASS" starttime="20230910 22:15:26.569" endtime="20230910 22:15:26.570"/>
</kw>
<kw name="Append To File" library="OperatingSystem">
<arg>/Users/jfkoskinen/HAMK/TKM22/asiakprojektien_toteutt/Ohjelmistotest/SW-testing/exercise/file.txt</arg>
<arg>IP address ${IPAddress} and Ping: ${ping} \n</arg>
<doc>Appends the given content to the specified file.</doc>
<msg timestamp="20230910 22:15:26.573" level="INFO" html="true">Appended to file '&lt;a href="file:///Users/jfkoskinen/HAMK/TKM22/asiakprojektien_toteutt/Ohjelmistotest/SW-testing/exercise/file.txt"&gt;/Users/jfkoskinen/HAMK/TKM22/asiakprojektien_toteutt/Ohjelmistotest/SW-testing/exercise/file.txt&lt;/a&gt;'.</msg>
<status status="PASS" starttime="20230910 22:15:26.571" endtime="20230910 22:15:26.573"/>
</kw>
<status status="PASS" starttime="20230910 22:15:23.496" endtime="20230910 22:15:26.573"/>
</iter>
<iter>
<var name="${index}">1</var>
<kw name="Run And Return Rc And Output" library="OperatingSystem">
<var>${output}</var>
<arg>ping ${addresses}[${index}] -c 4</arg>
<doc>Runs the given command in the system and returns the RC and output.</doc>
<msg timestamp="20230910 22:15:26.577" level="INFO">Running command 'ping www.iltalehti.fi -c 4 2&gt;&amp;1'.</msg>
<msg timestamp="20230910 22:15:29.648" level="INFO">${output} = (0, 'PING d4dgdwhncmjfe.cloudfront.net (13.33.243.41): 56 data bytes\n64 bytes from 13.33.243.41: icmp_seq=0 ttl=246 time=21.482 ms\n64 bytes from 13.33.243.41: icmp_seq=1 ttl=246 time=20.938 ms\n64 b...</msg>
<status status="PASS" starttime="20230910 22:15:26.574" endtime="20230910 22:15:29.648"/>
</kw>
<kw name="Log" library="BuiltIn">
<arg>${output}</arg>
<doc>Logs the given message with the given level.</doc>
<msg timestamp="20230910 22:15:29.650" level="INFO">(0, 'PING d4dgdwhncmjfe.cloudfront.net (13.33.243.41): 56 data bytes\n64 bytes from 13.33.243.41: icmp_seq=0 ttl=246 time=21.482 ms\n64 bytes from 13.33.243.41: icmp_seq=1 ttl=246 time=20.938 ms\n64 bytes from 13.33.243.41: icmp_seq=2 ttl=246 time=21.437 ms\n64 bytes from 13.33.243.41: icmp_seq=3 ttl=246 time=27.164 ms\n\n--- d4dgdwhncmjfe.cloudfront.net ping statistics ---\n4 packets transmitted, 4 packets received, 0.0% packet loss\nround-trip min/avg/max/stddev = 20.938/22.755/27.164/2.554 ms')</msg>
<status status="PASS" starttime="20230910 22:15:29.649" endtime="20230910 22:15:29.651"/>
</kw>
<kw name="Split String" library="String">
<var>@{wordList}</var>
<arg>${output}[1]</arg>
<doc>Splits the ``string`` using ``separator`` as a delimiter string.</doc>
<msg timestamp="20230910 22:15:29.653" level="INFO">@{wordList} = [ PING | d4dgdwhncmjfe.cloudfront.net | (13.33.243.41): | 56 | data | bytes | 64 | bytes | from | 13.33.243.41: | icmp_seq=0 | ttl=246 | time=21.482 | ms | 64 | bytes | from | 13.33.243.41: | icmp_seq...</msg>
<status status="PASS" starttime="20230910 22:15:29.651" endtime="20230910 22:15:29.653"/>
</kw>
<kw name="Log" library="BuiltIn">
<arg>${wordList}</arg>
<doc>Logs the given message with the given level.</doc>
<msg timestamp="20230910 22:15:29.654" level="INFO">['PING', 'd4dgdwhncmjfe.cloudfront.net', '(13.33.243.41):', '56', 'data', 'bytes', '64', 'bytes', 'from', '13.33.243.41:', 'icmp_seq=0', 'ttl=246', 'time=21.482', 'ms', '64', 'bytes', 'from', '13.33.243.41:', 'icmp_seq=1', 'ttl=246', 'time=20.938', 'ms', '64', 'bytes', 'from', '13.33.243.41:', 'icmp_seq=2', 'ttl=246', 'time=21.437', 'ms', '64', 'bytes', 'from', '13.33.243.41:', 'icmp_seq=3', 'ttl=246', 'time=27.164', 'ms', '---', 'd4dgdwhncmjfe.cloudfront.net', 'ping', 'statistics', '---', '4', 'packets', 'transmitted,', '4', 'packets', 'received,', '0.0%', 'packet', 'loss', 'round-trip', 'min/avg/max/stddev', '=', '20.938/22.755/27.164/2.554', 'ms']</msg>
<status status="PASS" starttime="20230910 22:15:29.653" endtime="20230910 22:15:29.655"/>
</kw>
<kw name="Get Index From List" library="Collections">
<var>${index}</var>
<arg>${wordList}</arg>
<arg>from</arg>
<doc>Returns the index of the first occurrence of the ``value`` on the list.</doc>
<msg timestamp="20230910 22:15:29.656" level="INFO">${index} = 8</msg>
<status status="PASS" starttime="20230910 22:15:29.655" endtime="20230910 22:15:29.656"/>
</kw>
<kw name="Set Variable" library="BuiltIn">
<var>${IPAddress}</var>
<arg>${wordList}[${index+1}]</arg>
<doc>Returns the given values which can then be assigned to a variables.</doc>
<msg timestamp="20230910 22:15:29.659" level="INFO">${IPAddress} = 13.33.243.41:</msg>
<status status="PASS" starttime="20230910 22:15:29.657" endtime="20230910 22:15:29.659"/>
</kw>
<kw name="Log" library="BuiltIn">
<arg>${IPAddress}</arg>
<doc>Logs the given message with the given level.</doc>
<msg timestamp="20230910 22:15:29.660" level="INFO">13.33.243.41:</msg>
<status status="PASS" starttime="20230910 22:15:29.660" endtime="20230910 22:15:29.661"/>
</kw>
<kw name="Split String" library="String">
<var>@{pingList}</var>
<arg>${output}[1]</arg>
<doc>Splits the ``string`` using ``separator`` as a delimiter string.</doc>
<msg timestamp="20230910 22:15:29.662" level="INFO">@{pingList} = [ PING | d4dgdwhncmjfe.cloudfront.net | (13.33.243.41): | 56 | data | bytes | 64 | bytes | from | 13.33.243.41: | icmp_seq=0 | ttl=246 | time=21.482 | ms | 64 | bytes | from | 13.33.243.41: | icmp_seq...</msg>
<status status="PASS" starttime="20230910 22:15:29.661" endtime="20230910 22:15:29.663"/>
</kw>
<kw name="Log" library="BuiltIn">
<arg>${wordList}</arg>
<doc>Logs the given message with the given level.</doc>
<msg timestamp="20230910 22:15:29.664" level="INFO">['PING', 'd4dgdwhncmjfe.cloudfront.net', '(13.33.243.41):', '56', 'data', 'bytes', '64', 'bytes', 'from', '13.33.243.41:', 'icmp_seq=0', 'ttl=246', 'time=21.482', 'ms', '64', 'bytes', 'from', '13.33.243.41:', 'icmp_seq=1', 'ttl=246', 'time=20.938', 'ms', '64', 'bytes', 'from', '13.33.243.41:', 'icmp_seq=2', 'ttl=246', 'time=21.437', 'ms', '64', 'bytes', 'from', '13.33.243.41:', 'icmp_seq=3', 'ttl=246', 'time=27.164', 'ms', '---', 'd4dgdwhncmjfe.cloudfront.net', 'ping', 'statistics', '---', '4', 'packets', 'transmitted,', '4', 'packets', 'received,', '0.0%', 'packet', 'loss', 'round-trip', 'min/avg/max/stddev', '=', '20.938/22.755/27.164/2.554', 'ms']</msg>
<status status="PASS" starttime="20230910 22:15:29.663" endtime="20230910 22:15:29.664"/>
</kw>
<kw name="Get Index From List" library="Collections">
<var>${index1}</var>
<arg>${pingList}</arg>
<arg>=</arg>
<doc>Returns the index of the first occurrence of the ``value`` on the list.</doc>
<msg timestamp="20230910 22:15:29.666" level="INFO">${index1} = 54</msg>
<status status="PASS" starttime="20230910 22:15:29.664" endtime="20230910 22:15:29.666"/>
</kw>
<kw name="Set Variable" library="BuiltIn">
<var>${ping}</var>
<arg>${pingList}[${index1+1}]</arg>
<doc>Returns the given values which can then be assigned to a variables.</doc>
<msg timestamp="20230910 22:15:29.668" level="INFO">${ping} = 20.938/22.755/27.164/2.554</msg>
<status status="PASS" starttime="20230910 22:15:29.666" endtime="20230910 22:15:29.668"/>
</kw>
<kw name="Log" library="BuiltIn">
<arg>Ping: min/avg/max/stddev ${ping}</arg>
<doc>Logs the given message with the given level.</doc>
<msg timestamp="20230910 22:15:29.669" level="INFO">Ping: min/avg/max/stddev 20.938/22.755/27.164/2.554</msg>
<status status="PASS" starttime="20230910 22:15:29.668" endtime="20230910 22:15:29.669"/>
</kw>
<kw name="Append To File" library="OperatingSystem">
<arg>/Users/jfkoskinen/HAMK/TKM22/asiakprojektien_toteutt/Ohjelmistotest/SW-testing/exercise/file.txt</arg>
<arg>IP address ${IPAddress} and Ping: ${ping} \n</arg>
<doc>Appends the given content to the specified file.</doc>
<msg timestamp="20230910 22:15:29.671" level="INFO" html="true">Appended to file '&lt;a href="file:///Users/jfkoskinen/HAMK/TKM22/asiakprojektien_toteutt/Ohjelmistotest/SW-testing/exercise/file.txt"&gt;/Users/jfkoskinen/HAMK/TKM22/asiakprojektien_toteutt/Ohjelmistotest/SW-testing/exercise/file.txt&lt;/a&gt;'.</msg>
<status status="PASS" starttime="20230910 22:15:29.670" endtime="20230910 22:15:29.671"/>
</kw>
<status status="PASS" starttime="20230910 22:15:26.573" endtime="20230910 22:15:29.672"/>
</iter>
<iter>
<var name="${index}">2</var>
<kw name="Run And Return Rc And Output" library="OperatingSystem">
<var>${output}</var>
<arg>ping ${addresses}[${index}] -c 4</arg>
<doc>Runs the given command in the system and returns the RC and output.</doc>
<msg timestamp="20230910 22:15:29.676" level="INFO">Running command 'ping best.aliexpress.com -c 4 2&gt;&amp;1'.</msg>
<msg timestamp="20230910 22:15:32.750" level="INFO">${output} = (0, 'PING e11957.x.akamaiedge.net (23.61.217.58): 56 data bytes\n64 bytes from 23.61.217.58: icmp_seq=0 ttl=57 time=21.870 ms\n64 bytes from 23.61.217.58: icmp_seq=1 ttl=57 time=30.537 ms\n64 bytes fr...</msg>
<status status="PASS" starttime="20230910 22:15:29.672" endtime="20230910 22:15:32.750"/>
</kw>
<kw name="Log" library="BuiltIn">
<arg>${output}</arg>
<doc>Logs the given message with the given level.</doc>
<msg timestamp="20230910 22:15:32.753" level="INFO">(0, 'PING e11957.x.akamaiedge.net (23.61.217.58): 56 data bytes\n64 bytes from 23.61.217.58: icmp_seq=0 ttl=57 time=21.870 ms\n64 bytes from 23.61.217.58: icmp_seq=1 ttl=57 time=30.537 ms\n64 bytes from 23.61.217.58: icmp_seq=2 ttl=57 time=29.634 ms\n64 bytes from 23.61.217.58: icmp_seq=3 ttl=57 time=33.079 ms\n\n--- e11957.x.akamaiedge.net ping statistics ---\n4 packets transmitted, 4 packets received, 0.0% packet loss\nround-trip min/avg/max/stddev = 21.870/28.780/33.079/4.185 ms')</msg>
<status status="PASS" starttime="20230910 22:15:32.752" endtime="20230910 22:15:32.754"/>
</kw>
<kw name="Split String" library="String">
<var>@{wordList}</var>
<arg>${output}[1]</arg>
<doc>Splits the ``string`` using ``separator`` as a delimiter string.</doc>
<msg timestamp="20230910 22:15:32.756" level="INFO">@{wordList} = [ PING | e11957.x.akamaiedge.net | (23.61.217.58): | 56 | data | bytes | 64 | bytes | from | 23.61.217.58: | icmp_seq=0 | ttl=57 | time=21.870 | ms | 64 | bytes | from | 23.61.217.58: | icmp_seq=1 | t...</msg>
<status status="PASS" starttime="20230910 22:15:32.755" endtime="20230910 22:15:32.757"/>
</kw>
<kw name="Log" library="BuiltIn">
<arg>${wordList}</arg>
<doc>Logs the given message with the given level.</doc>
<msg timestamp="20230910 22:15:32.759" level="INFO">['PING', 'e11957.x.akamaiedge.net', '(23.61.217.58):', '56', 'data', 'bytes', '64', 'bytes', 'from', '23.61.217.58:', 'icmp_seq=0', 'ttl=57', 'time=21.870', 'ms', '64', 'bytes', 'from', '23.61.217.58:', 'icmp_seq=1', 'ttl=57', 'time=30.537', 'ms', '64', 'bytes', 'from', '23.61.217.58:', 'icmp_seq=2', 'ttl=57', 'time=29.634', 'ms', '64', 'bytes', 'from', '23.61.217.58:', 'icmp_seq=3', 'ttl=57', 'time=33.079', 'ms', '---', 'e11957.x.akamaiedge.net', 'ping', 'statistics', '---', '4', 'packets', 'transmitted,', '4', 'packets', 'received,', '0.0%', 'packet', 'loss', 'round-trip', 'min/avg/max/stddev', '=', '21.870/28.780/33.079/4.185', 'ms']</msg>
<status status="PASS" starttime="20230910 22:15:32.758" endtime="20230910 22:15:32.759"/>
</kw>
<kw name="Get Index From List" library="Collections">
<var>${index}</var>
<arg>${wordList}</arg>
<arg>from</arg>
<doc>Returns the index of the first occurrence of the ``value`` on the list.</doc>
<msg timestamp="20230910 22:15:32.761" level="INFO">${index} = 8</msg>
<status status="PASS" starttime="20230910 22:15:32.760" endtime="20230910 22:15:32.761"/>
</kw>
<kw name="Set Variable" library="BuiltIn">
<var>${IPAddress}</var>
<arg>${wordList}[${index+1}]</arg>
<doc>Returns the given values which can then be assigned to a variables.</doc>
<msg timestamp="20230910 22:15:32.764" level="INFO">${IPAddress} = 23.61.217.58:</msg>
<status status="PASS" starttime="20230910 22:15:32.762" endtime="20230910 22:15:32.764"/>
</kw>
<kw name="Log" library="BuiltIn">
<arg>${IPAddress}</arg>
<doc>Logs the given message with the given level.</doc>
<msg timestamp="20230910 22:15:32.765" level="INFO">23.61.217.58:</msg>
<status status="PASS" starttime="20230910 22:15:32.765" endtime="20230910 22:15:32.766"/>
</kw>
<kw name="Split String" library="String">
<var>@{pingList}</var>
<arg>${output}[1]</arg>
<doc>Splits the ``string`` using ``separator`` as a delimiter string.</doc>
<msg timestamp="20230910 22:15:32.767" level="INFO">@{pingList} = [ PING | e11957.x.akamaiedge.net | (23.61.217.58): | 56 | data | bytes | 64 | bytes | from | 23.61.217.58: | icmp_seq=0 | ttl=57 | time=21.870 | ms | 64 | bytes | from | 23.61.217.58: | icmp_seq=1 | t...</msg>
<status status="PASS" starttime="20230910 22:15:32.766" endtime="20230910 22:15:32.768"/>
</kw>
<kw name="Log" library="BuiltIn">
<arg>${wordList}</arg>
<doc>Logs the given message with the given level.</doc>
<msg timestamp="20230910 22:15:32.769" level="INFO">['PING', 'e11957.x.akamaiedge.net', '(23.61.217.58):', '56', 'data', 'bytes', '64', 'bytes', 'from', '23.61.217.58:', 'icmp_seq=0', 'ttl=57', 'time=21.870', 'ms', '64', 'bytes', 'from', '23.61.217.58:', 'icmp_seq=1', 'ttl=57', 'time=30.537', 'ms', '64', 'bytes', 'from', '23.61.217.58:', 'icmp_seq=2', 'ttl=57', 'time=29.634', 'ms', '64', 'bytes', 'from', '23.61.217.58:', 'icmp_seq=3', 'ttl=57', 'time=33.079', 'ms', '---', 'e11957.x.akamaiedge.net', 'ping', 'statistics', '---', '4', 'packets', 'transmitted,', '4', 'packets', 'received,', '0.0%', 'packet', 'loss', 'round-trip', 'min/avg/max/stddev', '=', '21.870/28.780/33.079/4.185', 'ms']</msg>
<status status="PASS" starttime="20230910 22:15:32.768" endtime="20230910 22:15:32.769"/>
</kw>
<kw name="Get Index From List" library="Collections">
<var>${index1}</var>
<arg>${pingList}</arg>
<arg>=</arg>
<doc>Returns the index of the first occurrence of the ``value`` on the list.</doc>
<msg timestamp="20230910 22:15:32.770" level="INFO">${index1} = 54</msg>
<status status="PASS" starttime="20230910 22:15:32.770" endtime="20230910 22:15:32.771"/>
</kw>
<kw name="Set Variable" library="BuiltIn">
<var>${ping}</var>
<arg>${pingList}[${index1+1}]</arg>
<doc>Returns the given values which can then be assigned to a variables.</doc>
<msg timestamp="20230910 22:15:32.773" level="INFO">${ping} = 21.870/28.780/33.079/4.185</msg>
<status status="PASS" starttime="20230910 22:15:32.771" endtime="20230910 22:15:32.773"/>
</kw>
<kw name="Log" library="BuiltIn">
<arg>Ping: min/avg/max/stddev ${ping}</arg>
<doc>Logs the given message with the given level.</doc>
<msg timestamp="20230910 22:15:32.774" level="INFO">Ping: min/avg/max/stddev 21.870/28.780/33.079/4.185</msg>
<status status="PASS" starttime="20230910 22:15:32.774" endtime="20230910 22:15:32.774"/>
</kw>
<kw name="Append To File" library="OperatingSystem">
<arg>/Users/jfkoskinen/HAMK/TKM22/asiakprojektien_toteutt/Ohjelmistotest/SW-testing/exercise/file.txt</arg>
<arg>IP address ${IPAddress} and Ping: ${ping} \n</arg>
<doc>Appends the given content to the specified file.</doc>
<msg timestamp="20230910 22:15:32.777" level="INFO" html="true">Appended to file '&lt;a href="file:///Users/jfkoskinen/HAMK/TKM22/asiakprojektien_toteutt/Ohjelmistotest/SW-testing/exercise/file.txt"&gt;/Users/jfkoskinen/HAMK/TKM22/asiakprojektien_toteutt/Ohjelmistotest/SW-testing/exercise/file.txt&lt;/a&gt;'.</msg>
<status status="PASS" starttime="20230910 22:15:32.775" endtime="20230910 22:15:32.777"/>
</kw>
<status status="PASS" starttime="20230910 22:15:29.672" endtime="20230910 22:15:32.777"/>
</iter>
<status status="PASS" starttime="20230910 22:15:23.496" endtime="20230910 22:15:32.778"/>
</for>
<status status="PASS" starttime="20230910 22:15:23.492" endtime="20230910 22:15:32.779"/>
</test>
<status status="PASS" starttime="20230910 22:15:23.435" endtime="20230910 22:15:32.780"/>
</suite>
<statistics>
<total>
<stat pass="2" fail="0" skip="0">All Tests</stat>
</total>
<tag>
</tag>
<suite>
<stat pass="2" fail="0" skip="0" id="s1" name="exerciseThree">exerciseThree</stat>
</suite>
</statistics>
<errors>
</errors>
</robot>
