<?xml version="1.0" encoding="UTF-8"?>
<robot generator="Robot 6.1.1 (Python 3.11.5 on darwin)" generated="20230916 13:19:14.114" rpa="false" schemaversion="4">
<suite id="s1" name="seleniumTesti" source="/Users/jfkoskinen/HAMK/TKM22/asiakprojektien_toteutt/Ohjelmistotest/SW-testing/luento_3/seleniumTesti.robot">
<test id="s1-t1" name="Facebook register" line="5">
<kw name="Open Browser" library="SeleniumLibrary">
<arg>http://www.facebook.com/r.php</arg>
<doc>Opens a new browser instance to the optional ``url``.</doc>
<msg timestamp="20230916 13:19:14.299" level="INFO">Opening browser 'firefox' to base url 'http://www.facebook.com/r.php'.</msg>
<status status="PASS" starttime="20230916 13:19:14.298" endtime="20230916 13:19:16.774"/>
</kw>
<kw name="Sleep" library="BuiltIn">
<arg>1</arg>
<doc>Pauses the test executed for the given time.</doc>
<msg timestamp="20230916 13:19:17.779" level="INFO">Slept 1 second</msg>
<status status="PASS" starttime="20230916 13:19:16.775" endtime="20230916 13:19:17.780"/>
</kw>
<kw name="Maximize Browser Window" library="SeleniumLibrary">
<doc>Maximizes current browser window.</doc>
<status status="PASS" starttime="20230916 13:19:17.781" endtime="20230916 13:19:18.290"/>
</kw>
<kw name="Click Element" library="SeleniumLibrary">
<arg>xpath://button[@title='Allow all cookies']</arg>
<doc>Click the element identified by ``locator``.</doc>
<msg timestamp="20230916 13:19:18.293" level="INFO">Clicking element 'xpath://button[@title='Allow all cookies']'.</msg>
<status status="PASS" starttime="20230916 13:19:18.291" endtime="20230916 13:19:18.519"/>
</kw>
<kw name="Page Should Contain" library="SeleniumLibrary">
<arg>Create a new account</arg>
<doc>Verifies that current page contains ``text``.</doc>
<msg timestamp="20230916 13:19:18.524" level="INFO">Current page contains text 'Create a new account'.</msg>
<status status="PASS" starttime="20230916 13:19:18.519" endtime="20230916 13:19:18.525"/>
</kw>
<kw name="Click Element" library="SeleniumLibrary">
<arg>name:firstname</arg>
<doc>Click the element identified by ``locator``.</doc>
<msg timestamp="20230916 13:19:18.526" level="INFO">Clicking element 'name:firstname'.</msg>
<status status="PASS" starttime="20230916 13:19:18.525" endtime="20230916 13:19:18.736"/>
</kw>
<kw name="Input Text" library="SeleniumLibrary">
<arg>name:firstname</arg>
<arg>Donald</arg>
<doc>Types the given ``text`` into the text field identified by ``locator``.</doc>
<msg timestamp="20230916 13:19:18.738" level="INFO">Typing text 'Donald' into text field 'name:firstname'.</msg>
<status status="PASS" starttime="20230916 13:19:18.736" endtime="20230916 13:19:18.752"/>
</kw>
<kw name="Sleep" library="BuiltIn">
<arg>1</arg>
<doc>Pauses the test executed for the given time.</doc>
<msg timestamp="20230916 13:19:19.756" level="INFO">Slept 1 second</msg>
<status status="PASS" starttime="20230916 13:19:18.753" endtime="20230916 13:19:19.758"/>
</kw>
<kw name="Click Element" library="SeleniumLibrary">
<arg>name:lastname</arg>
<doc>Click the element identified by ``locator``.</doc>
<msg timestamp="20230916 13:19:19.762" level="INFO">Clicking element 'name:lastname'.</msg>
<status status="PASS" starttime="20230916 13:19:19.760" endtime="20230916 13:19:19.985"/>
</kw>
<kw name="Input Text" library="SeleniumLibrary">
<arg>name:lastname</arg>
<arg>Duck</arg>
<doc>Types the given ``text`` into the text field identified by ``locator``.</doc>
<msg timestamp="20230916 13:19:19.989" level="INFO">Typing text 'Duck' into text field 'name:lastname'.</msg>
<status status="PASS" starttime="20230916 13:19:19.987" endtime="20230916 13:19:20.007"/>
</kw>
<status status="PASS" starttime="20230916 13:19:14.297" endtime="20230916 13:19:20.008"/>
</test>
<status status="PASS" starttime="20230916 13:19:14.118" endtime="20230916 13:19:20.010"/>
</suite>
<statistics>
<total>
<stat pass="1" fail="0" skip="0">All Tests</stat>
</total>
<tag>
</tag>
<suite>
<stat pass="1" fail="0" skip="0" id="s1" name="seleniumTesti">seleniumTesti</stat>
</suite>
</statistics>
<errors>
</errors>
</robot>
